<?xml version="1.0" encoding="UTF-8"?>
<!-- Generated by org.testng.reporters.JUnitReportReporter -->
<testsuite skipped="0" hostname="DESKTOP-E6N913C" name="testSuit.testCases" tests="2" failures="0" timestamp="23 May 2017 16:44:50 GMT" time="19.705" errors="0">
  <testcase name="recordPageTitle" time="6.136" classname="testSuit.testCases"/>
  <testcase name="openGoogle" time="13.569" classname="testSuit.testCases"/>
</testsuite> <!-- testSuit.testCases -->
